<?xml version="1.0" encoding="UTF-8"?>
<testng-results ignored="0" total="2" passed="1" failed="1" skipped="0">
  <reporter-output>
  </reporter-output>
  <suite started-at="2022-01-14T14:51:20 EST" name="Default suite" finished-at="2022-01-14T14:51:27 EST" duration-ms="7288">
    <groups>
    </groups>
    <test started-at="2022-01-14T14:51:20 EST" name="Default test" finished-at="2022-01-14T14:51:27 EST" duration-ms="7288">
      <class name="TestNG">
        <test-method is-config="true" signature="beforeMethod()[pri:0, instance:TestNG@52e6fdee]" started-at="2022-01-14T14:51:20 EST" name="beforeMethod" finished-at="2022-01-14T14:51:20 EST" duration-ms="3" status="PASS">
          <reporter-output>
          </reporter-output>
        </test-method> <!-- beforeMethod -->
        <test-method signature="verifySunlifeTitle()[pri:0, instance:TestNG@52e6fdee]" started-at="2022-01-14T14:51:20 EST" name="verifySunlifeTitle" description="Validate the title on the main Sunlife webpage" finished-at="2022-01-14T14:51:23 EST" duration-ms="3173" status="FAIL">
          <exception class="java.lang.AssertionError">
            <message>
              <![CDATA[expected [Not Sunlife] but found [Life Insurance, Investments & Group Benefits | Sun Life]]]>
            </message>
            <full-stacktrace>
              <![CDATA[java.lang.AssertionError: expected [Not Sunlife] but found [Life Insurance, Investments & Group Benefits | Sun Life]
at org.testng.Assert.fail(Assert.java:99)
at org.testng.Assert.failNotEquals(Assert.java:1037)
at org.testng.Assert.assertEqualsImpl(Assert.java:140)
at org.testng.Assert.assertEquals(Assert.java:122)
at org.testng.Assert.assertEquals(Assert.java:629)
at org.testng.Assert.assertEquals(Assert.java:639)
at TestNG.verifySunlifeTitle(TestNG.java:40)
at java.base/jdk.internal.reflect.NativeMethodAccessorImpl.invoke0(Native Method)
at java.base/jdk.internal.reflect.NativeMethodAccessorImpl.invoke(NativeMethodAccessorImpl.java:77)
at java.base/jdk.internal.reflect.DelegatingMethodAccessorImpl.invoke(DelegatingMethodAccessorImpl.java:43)
at java.base/java.lang.reflect.Method.invoke(Method.java:568)
at org.testng.internal.MethodInvocationHelper.invokeMethod(MethodInvocationHelper.java:133)
at org.testng.internal.TestInvoker.invokeMethod(TestInvoker.java:598)
at org.testng.internal.TestInvoker.invokeTestMethod(TestInvoker.java:173)
at org.testng.internal.MethodRunner.runInSequence(MethodRunner.java:46)
at org.testng.internal.TestInvoker$MethodInvocationAgent.invoke(TestInvoker.java:824)
at org.testng.internal.TestInvoker.invokeTestMethods(TestInvoker.java:146)
at org.testng.internal.TestMethodWorker.invokeTestMethods(TestMethodWorker.java:146)
at org.testng.internal.TestMethodWorker.run(TestMethodWorker.java:128)
at java.base/java.util.ArrayList.forEach(ArrayList.java:1511)
at org.testng.TestRunner.privateRun(TestRunner.java:794)
at org.testng.TestRunner.run(TestRunner.java:596)
at org.testng.SuiteRunner.runTest(SuiteRunner.java:377)
at org.testng.SuiteRunner.runSequentially(SuiteRunner.java:371)
at org.testng.SuiteRunner.privateRun(SuiteRunner.java:332)
at org.testng.SuiteRunner.run(SuiteRunner.java:276)
at org.testng.SuiteRunnerWorker.runSuite(SuiteRunnerWorker.java:53)
at org.testng.SuiteRunnerWorker.run(SuiteRunnerWorker.java:96)
at org.testng.TestNG.runSuitesSequentially(TestNG.java:1212)
at org.testng.TestNG.runSuitesLocally(TestNG.java:1134)
at org.testng.TestNG.runSuites(TestNG.java:1063)
at org.testng.TestNG.run(TestNG.java:1031)
at org.testng.remote.AbstractRemoteTestNG.run(AbstractRemoteTestNG.java:115)
at org.testng.remote.RemoteTestNG.initAndRun(RemoteTestNG.java:251)
at org.testng.remote.RemoteTestNG.main(RemoteTestNG.java:77)
]]>
            </full-stacktrace>
          </exception> <!-- java.lang.AssertionError -->
          <reporter-output>
          </reporter-output>
        </test-method> <!-- verifySunlifeTitle -->
        <test-method is-config="true" signature="afterMethod()[pri:0, instance:TestNG@52e6fdee]" started-at="2022-01-14T14:51:23 EST" name="afterMethod" finished-at="2022-01-14T14:51:23 EST" duration-ms="0" status="PASS">
          <reporter-output>
          </reporter-output>
        </test-method> <!-- afterMethod -->
        <test-method is-config="true" signature="beforeMethod()[pri:0, instance:TestNG@52e6fdee]" started-at="2022-01-14T14:51:23 EST" name="beforeMethod" finished-at="2022-01-14T14:51:23 EST" duration-ms="0" status="PASS">
          <reporter-output>
          </reporter-output>
        </test-method> <!-- beforeMethod -->
        <test-method signature="performActionOnSignIn()[pri:1, instance:TestNG@52e6fdee]" started-at="2022-01-14T14:51:23 EST" name="performActionOnSignIn" description="Validate the sign in button, click it, and input sign in text on the Sunlife webpage" finished-at="2022-01-14T14:51:27 EST" duration-ms="4079" status="PASS">
          <reporter-output>
          </reporter-output>
        </test-method> <!-- performActionOnSignIn -->
        <test-method is-config="true" signature="afterMethod()[pri:0, instance:TestNG@52e6fdee]" started-at="2022-01-14T14:51:27 EST" name="afterMethod" finished-at="2022-01-14T14:51:27 EST" duration-ms="1" status="PASS">
          <reporter-output>
          </reporter-output>
        </test-method> <!-- afterMethod -->
        <test-method is-config="true" signature="afterTest()[pri:0, instance:TestNG@52e6fdee]" started-at="2022-01-14T14:51:27 EST" name="afterTest" finished-at="2022-01-14T14:51:27 EST" duration-ms="0" status="PASS">
          <reporter-output>
          </reporter-output>
        </test-method> <!-- afterTest -->
      </class> <!-- TestNG -->
    </test> <!-- Default test -->
  </suite> <!-- Default suite -->
</testng-results>
